[INFO] Scanning for projects...
[INFO] ------------------------------------------------------------------------
[INFO] Reactor Build Order:
[INFO] 
[INFO] qs-hierarchy-manager                                               [jar]
[INFO] assessment-actors                                                  [jar]
[INFO] assessment-controllers                                             [jar]
[INFO] assessment-service                                               [play2]
[INFO] 
[INFO] ------------------< org.sunbird:qs-hierarchy-manager >------------------
[INFO] Building qs-hierarchy-manager 1.0-SNAPSHOT                         [1/4]
[INFO]   from pom.xml
[INFO] --------------------------------[ jar ]---------------------------------
[INFO] 
[INFO] --- clean:3.2.0:clean (default-clean) @ qs-hierarchy-manager ---
[INFO] Deleting /Users/sanketikam4/January/merged-api/knowledge-platform-26/assessment-api/qs-hierarchy-manager/target
[INFO] 
[INFO] --- resources:3.3.1:resources (default-resources) @ qs-hierarchy-manager ---
[INFO] skip non existing resourceDirectory /Users/sanketikam4/January/merged-api/knowledge-platform-26/assessment-api/qs-hierarchy-manager/src/main/resources
[INFO] 
[INFO] --- scala:3.2.2:add-source (scala-compile-first) @ qs-hierarchy-manager ---
[INFO] 
[INFO] --- scala:3.2.2:compile (scala-compile-first) @ qs-hierarchy-manager ---
[INFO] /Users/sanketikam4/January/merged-api/knowledge-platform-26/assessment-api/qs-hierarchy-manager/src/main/scala:-1: info: compiling
[INFO] Compiling 6 source files to /Users/sanketikam4/January/merged-api/knowledge-platform-26/assessment-api/qs-hierarchy-manager/target/classes at 1769583593996
[ERROR] /Users/sanketikam4/January/merged-api/knowledge-platform-26/assessment-api/qs-hierarchy-manager/src/main/scala/org/sunbird/managers/HierarchyManager.scala:237: error: type mismatch;
[ERROR]  found   : scala.concurrent.Future[Object]
[ERROR]  required: scala.concurrent.Future[org.sunbird.common.dto.Response]
[ERROR]             }).flatMap(f => f)
[ERROR]                             ^
[WARNING] /Users/sanketikam4/January/merged-api/knowledge-platform-26/assessment-api/qs-hierarchy-manager/src/main/scala/org/sunbird/managers/HierarchyManager.scala:57: warning: non-variable type argument String in type pattern java.util.List[String] is unchecked since it is eliminated by erasure
[WARNING]                     case y: util.List[String] => y.asInstanceOf[util.List[String]].asScala.toList
[WARNING]                                  ^
[WARNING] /Users/sanketikam4/January/merged-api/knowledge-platform-26/assessment-api/qs-hierarchy-manager/src/main/scala/org/sunbird/managers/HierarchyManager.scala:97: warning: non-variable type argument String in type pattern java.util.List[String] is unchecked since it is eliminated by erasure
[WARNING]                     case y: util.List[String] => y.asInstanceOf[util.List[String]].asScala.toList
[WARNING]                                  ^
[WARNING] /Users/sanketikam4/January/merged-api/knowledge-platform-26/assessment-api/qs-hierarchy-manager/src/main/scala/org/sunbird/managers/HierarchyManager.scala:428: warning: non-variable type argument String in type pattern java.util.List[String] is unchecked since it is eliminated by erasure
[WARNING]             case y: util.List[String] => y.asInstanceOf[util.List[String]].asScala.toList
[WARNING]                          ^
[WARNING] 3 warnings
[ERROR] 1 error
[INFO] ------------------------------------------------------------------------
[INFO] Reactor Summary for qs-hierarchy-manager 1.0-SNAPSHOT:
[INFO] 
[INFO] qs-hierarchy-manager ............................... FAILURE [  2.117 s]
[INFO] assessment-actors .................................. SKIPPED
[INFO] assessment-controllers ............................. SKIPPED
[INFO] assessment-service ................................. SKIPPED
[INFO] ------------------------------------------------------------------------
[INFO] BUILD FAILURE
[INFO] ------------------------------------------------------------------------
[INFO] Total time:  2.274 s
[INFO] Finished at: 2026-01-28T12:29:55+05:30
[INFO] ------------------------------------------------------------------------
[ERROR] Failed to execute goal net.alchim31.maven:scala-maven-plugin:3.2.2:compile (scala-compile-first) on project qs-hierarchy-manager: wrap: org.apache.commons.exec.ExecuteException: Process exited with an error: 1 (Exit value: 1) -> [Help 1]
[ERROR] 
[ERROR] To see the full stack trace of the errors, re-run Maven with the -e switch.
[ERROR] Re-run Maven using the -X switch to enable full debug logging.
[ERROR] 
[ERROR] For more information about the errors and possible solutions, please read the following articles:
[ERROR] [Help 1] http://cwiki.apache.org/confluence/display/MAVEN/MojoExecutionException
