# JRE version: Java(TM) SE Runtime Environment (8.0_241-b07) (build 1.8.0_241-b07)
# Java VM: Java HotSpot(TM) 64-Bit Server VM (25.241-b07 mixed mode bsd-amd64 compressed oops)
Heap:
 PSYoungGen      total 342528K, used 50226K [0x0000000795580000, 0x00000007b2180000, 0x00000007c0000000)
  eden space 299008K, 2% used [0x0000000795580000,0x0000000795c0dab8,0x00000007a7980000)
  from space 43520K, 99% used [0x00000007a7980000,0x00000007aa3fee60,0x00000007aa400000)
  to   space 51200K, 0% used [0x00000007aef80000,0x00000007aef80000,0x00000007b2180000)
 ParOldGen       total 248320K, used 95241K [0x0000000740000000, 0x000000074f280000, 0x0000000795580000)
  object space 248320K, 38% used [0x0000000740000000,0x0000000745d02478,0x000000074f280000)
 Metaspace       used 111093K, capacity 112825K, committed 113228K, reserved 1144832K
  class space    used 17144K, capacity 17692K, committed 17792K, reserved 1048576K
GC Heap History (10 events):
Event: 13.770 GC heap before
{Heap before GC invocations=13 (full 3):
 PSYoungGen      total 283648K, used 10243K [0x0000000795580000, 0x00000007aac80000, 0x00000007c0000000)
  eden space 264704K, 0% used [0x0000000795580000,0x0000000795580000,0x00000007a5800000)
  from space 18944K, 54% used [0x00000007a6a00000,0x00000007a7400e60,0x00000007a7c80000)
  to   space 18432K, 0% used [0x00000007a5800000,0x00000007a5800000,0x00000007a6a00000)
 ParOldGen       total 101376K, used 36651K [0x0000000740000000, 0x0000000746300000, 0x0000000795580000)
  object space 101376K, 36% used [0x0000000740000000,0x00000007423cac58,0x0000000746300000)
 Metaspace       used 57795K, capacity 58870K, committed 59028K, reserved 1099776K
  class space    used 9053K, capacity 9462K, committed 9472K, reserved 1048576K
Event: 13.881 GC heap after
Heap after GC invocations=13 (full 3):
 PSYoungGen      total 283648K, used 0K [0x0000000795580000, 0x00000007aac80000, 0x00000007c0000000)
  eden space 264704K, 0% used [0x0000000795580000,0x0000000795580000,0x00000007a5800000)
  from space 18944K, 0% used [0x00000007a6a00000,0x00000007a6a00000,0x00000007a7c80000)
  to   space 18432K, 0% used [0x00000007a5800000,0x00000007a5800000,0x00000007a6a00000)
 ParOldGen       total 130048K, used 25930K [0x0000000740000000, 0x0000000747f00000, 0x0000000795580000)
  object space 130048K, 19% used [0x0000000740000000,0x0000000741952ad8,0x0000000747f00000)
 Metaspace       used 57786K, capacity 58860K, committed 59028K, reserved 1099776K
  class space    used 9051K, capacity 9460K, committed 9472K, reserved 1048576K
}
Event: 1676.284 GC heap before
{Heap before GC invocations=14 (full 3):
 PSYoungGen      total 283648K, used 264704K [0x0000000795580000, 0x00000007aac80000, 0x00000007c0000000)
  eden space 264704K, 100% used [0x0000000795580000,0x00000007a5800000,0x00000007a5800000)
  from space 18944K, 0% used [0x00000007a6a00000,0x00000007a6a00000,0x00000007a7c80000)
  to   space 18432K, 0% used [0x00000007a5800000,0x00000007a5800000,0x00000007a6a00000)
 ParOldGen       total 130048K, used 25930K [0x0000000740000000, 0x0000000747f00000, 0x0000000795580000)
  object space 130048K, 19% used [0x0000000740000000,0x0000000741952ad8,0x0000000747f00000)
 Metaspace       used 76758K, capacity 78364K, committed 78680K, reserved 1116160K
  class space    used 11794K, capacity 12293K, committed 12416K, reserved 1048576K
Event: 1676.392 GC heap after
Heap after GC invocations=14 (full 3):
 PSYoungGen      total 283136K, used 18419K [0x0000000795580000, 0x00000007ab980000, 0x00000007c0000000)
  eden space 264704K, 0% used [0x0000000795580000,0x0000000795580000,0x00000007a5800000)
  from space 18432K, 99% used [0x00000007a5800000,0x00000007a69fce80,0x00000007a6a00000)
  to   space 22016K, 0% used [0x00000007aa400000,0x00000007aa400000,0x00000007ab980000)
 ParOldGen       total 130048K, used 29969K [0x0000000740000000, 0x0000000747f00000, 0x0000000795580000)
  object space 130048K, 23% used [0x0000000740000000,0x0000000741d44708,0x0000000747f00000)
 Metaspace       used 76758K, capacity 78364K, committed 78680K, reserved 1116160K
  class space    used 11794K, capacity 12293K, committed 12416K, reserved 1048576K
}
Event: 1678.759 GC heap before
{Heap before GC invocations=15 (full 3):
 PSYoungGen      total 283136K, used 241667K [0x0000000795580000, 0x00000007ab980000, 0x00000007c0000000)
  eden space 264704K, 84% used [0x0000000795580000,0x00000007a2f83df8,0x00000007a5800000)
  from space 18432K, 99% used [0x00000007a5800000,0x00000007a69fce80,0x00000007a6a00000)
  to   space 22016K, 0% used [0x00000007aa400000,0x00000007aa400000,0x00000007ab980000)
 ParOldGen       total 130048K, used 29969K [0x0000000740000000, 0x0000000747f00000, 0x0000000795580000)
  object space 130048K, 23% used [0x0000000740000000,0x0000000741d44708,0x0000000747f00000)
 Metaspace       used 96410K, capacity 98023K, committed 98380K, reserved 1132544K
  class space    used 14975K, capacity 15471K, committed 15488K, reserved 1048576K
Event: 1678.805 GC heap after
Heap after GC invocations=15 (full 3):
 PSYoungGen      total 321024K, used 22000K [0x0000000795580000, 0x00000007ae500000, 0x00000007c0000000)
  eden space 299008K, 0% used [0x0000000795580000,0x0000000795580000,0x00000007a7980000)
  from space 22016K, 99% used [0x00000007aa400000,0x00000007ab97c3e8,0x00000007ab980000)
  to   space 43520K, 0% used [0x00000007a7980000,0x00000007a7980000,0x00000007aa400000)
 ParOldGen       total 130048K, used 80210K [0x0000000740000000, 0x0000000747f00000, 0x0000000795580000)
  object space 130048K, 61% used [0x0000000740000000,0x0000000744e549f8,0x0000000747f00000)
 Metaspace       used 96410K, capacity 98023K, committed 98380K, reserved 1132544K
  class space    used 14975K, capacity 15471K, committed 15488K, reserved 1048576K
}
Event: 1678.805 GC heap before
{Heap before GC invocations=16 (full 4):
 PSYoungGen      total 321024K, used 22000K [0x0000000795580000, 0x00000007ae500000, 0x00000007c0000000)
  eden space 299008K, 0% used [0x0000000795580000,0x0000000795580000,0x00000007a7980000)
  from space 22016K, 99% used [0x00000007aa400000,0x00000007ab97c3e8,0x00000007ab980000)
  to   space 43520K, 0% used [0x00000007a7980000,0x00000007a7980000,0x00000007aa400000)
 ParOldGen       total 130048K, used 80210K [0x0000000740000000, 0x0000000747f00000, 0x0000000795580000)
  object space 130048K, 61% used [0x0000000740000000,0x0000000744e549f8,0x0000000747f00000)
 Metaspace       used 96410K, capacity 98023K, committed 98380K, reserved 1132544K
  class space    used 14975K, capacity 15471K, committed 15488K, reserved 1048576K
Event: 1679.122 GC heap after
Heap after GC invocations=16 (full 4):
 PSYoungGen      total 321024K, used 0K [0x0000000795580000, 0x00000007ae500000, 0x00000007c0000000)
  eden space 299008K, 0% used [0x0000000795580000,0x0000000795580000,0x00000007a7980000)
  from space 22016K, 0% used [0x00000007aa400000,0x00000007aa400000,0x00000007ab980000)
  to   space 43520K, 0% used [0x00000007a7980000,0x00000007a7980000,0x00000007aa400000)
 ParOldGen       total 248320K, used 93791K [0x0000000740000000, 0x000000074f280000, 0x0000000795580000)
  object space 248320K, 37% used [0x0000000740000000,0x0000000745b97e20,0x000000074f280000)
 Metaspace       used 96410K, capacity 98023K, committed 98380K, reserved 1132544K
  class space    used 14975K, capacity 15471K, committed 15488K, reserved 1048576K
}
Event: 1684.603 GC heap before
{Heap before GC invocations=17 (full 4):
 PSYoungGen      total 321024K, used 299008K [0x0000000795580000, 0x00000007ae500000, 0x00000007c0000000)
  eden space 299008K, 100% used [0x0000000795580000,0x00000007a7980000,0x00000007a7980000)
  from space 22016K, 0% used [0x00000007aa400000,0x00000007aa400000,0x00000007ab980000)
  to   space 43520K, 0% used [0x00000007a7980000,0x00000007a7980000,0x00000007aa400000)
 ParOldGen       total 248320K, used 93791K [0x0000000740000000, 0x000000074f280000, 0x0000000795580000)
  object space 248320K, 37% used [0x0000000740000000,0x0000000745b97e20,0x000000074f280000)
 Metaspace       used 111090K, capacity 112825K, committed 113228K, reserved 1144832K
  class space    used 17144K, capacity 17692K, committed 17792K, reserved 1048576K
Event: 1684.640 GC heap after
Heap after GC invocations=17 (full 4):
 PSYoungGen      total 342528K, used 43515K [0x0000000795580000, 0x00000007b2180000, 0x00000007c0000000)
  eden space 299008K, 0% used [0x0000000795580000,0x0000000795580000,0x00000007a7980000)
  from space 43520K, 99% used [0x00000007a7980000,0x00000007aa3fee60,0x00000007aa400000)
  to   space 51200K, 0% used [0x00000007aef80000,0x00000007aef80000,0x00000007b2180000)
 ParOldGen       total 248320K, used 95241K [0x0000000740000000, 0x000000074f280000, 0x0000000795580000)
  object space 248320K, 38% used [0x0000000740000000,0x0000000745d02478,0x000000074f280000)
 Metaspace       used 111090K, capacity 112825K, committed 113228K, reserved 1144832K
  class space    used 17144K, capacity 17692K, committed 17792K, reserved 1048576K
}

